{"numFailedTestSuites":0,"numFailedTests":0,"numPassedTestSuites":2,"numPassedTests":10,"numPendingTestSuites":0,"numPendingTests":0,"numRuntimeErrorTestSuites":0,"numTodoTests":0,"numTotalTestSuites":2,"numTotalTests":10,"openHandles":[],"snapshot":{"added":0,"didUpdate":false,"failure":false,"filesAdded":0,"filesRemoved":0,"filesRemovedList":[],"filesUnmatched":0,"filesUpdated":0,"matched":0,"total":0,"unchecked":0,"uncheckedKeysByFile":[],"unmatched":0,"updated":0},"startTime":1730881811395,"success":true,"testResults":[{"assertionResults":[{"ancestorTitles":["GameGateway (e2e)","createRoom 이벤트 테스트"],"duration":203,"failureDetails":[],"failureMessages":[],"fullName":"GameGateway (e2e) createRoom 이벤트 테스트 유효한 설정으로 게임방 생성 성공","invocations":1,"location":null,"numPassingAsserts":2,"retryReasons":[],"status":"passed","title":"유효한 설정으로 게임방 생성 성공"},{"ancestorTitles":["GameGateway (e2e)","createRoom 이벤트 테스트"],"duration":105,"failureDetails":[],"failureMessages":[],"fullName":"GameGateway (e2e) createRoom 이벤트 테스트 빈 title","invocations":1,"location":null,"numPassingAsserts":3,"retryReasons":[],"status":"passed","title":"빈 title"},{"ancestorTitles":["GameGateway (e2e)","createRoom 이벤트 테스트"],"duration":68,"failureDetails":[],"failureMessages":[],"fullName":"GameGateway (e2e) createRoom 이벤트 테스트 빈 gameMode","invocations":1,"location":null,"numPassingAsserts":3,"retryReasons":[],"status":"passed","title":"빈 gameMode"},{"ancestorTitles":["GameGateway (e2e)","createRoom 이벤트 테스트"],"duration":85,"failureDetails":[],"failureMessages":[],"fullName":"GameGateway (e2e) createRoom 이벤트 테스트 잘못된 gameMode","invocations":1,"location":null,"numPassingAsserts":3,"retryReasons":[],"status":"passed","title":"잘못된 gameMode"},{"ancestorTitles":["GameGateway (e2e)","createRoom 이벤트 테스트"],"duration":83,"failureDetails":[],"failureMessages":[],"fullName":"GameGateway (e2e) createRoom 이벤트 테스트 최소 인원 미달","invocations":1,"location":null,"numPassingAsserts":3,"retryReasons":[],"status":"passed","title":"최소 인원 미달"},{"ancestorTitles":["GameGateway (e2e)","createRoom 이벤트 테스트"],"duration":79,"failureDetails":[],"failureMessages":[],"fullName":"GameGateway (e2e) createRoom 이벤트 테스트 최대 인원 초과","invocations":1,"location":null,"numPassingAsserts":3,"retryReasons":[],"status":"passed","title":"최대 인원 초과"},{"ancestorTitles":["GameGateway (e2e)","createRoom 이벤트 테스트"],"duration":91,"failureDetails":[],"failureMessages":[],"fullName":"GameGateway (e2e) createRoom 이벤트 테스트 잘못된 boolean 타입","invocations":1,"location":null,"numPassingAsserts":3,"retryReasons":[],"status":"passed","title":"잘못된 boolean 타입"},{"ancestorTitles":["GameGateway (e2e)","createRoom 이벤트 테스트"],"duration":69,"failureDetails":[],"failureMessages":[],"fullName":"GameGateway (e2e) createRoom 이벤트 테스트 방생성시 서버는 올바른 6자리 숫자(PIN)을 응답해야한다.","invocations":1,"location":null,"numPassingAsserts":4,"retryReasons":[],"status":"passed","title":"방생성시 서버는 올바른 6자리 숫자(PIN)을 응답해야한다."},{"ancestorTitles":["GameGateway (e2e)","chatMessage 이벤트 테스트"],"duration":126,"failureDetails":[],"failureMessages":[],"fullName":"GameGateway (e2e) chatMessage 이벤트 테스트 같은 Room의 플레이어들에게 브로드캐스팅 성공","invocations":1,"location":null,"numPassingAsserts":1,"retryReasons":[],"status":"passed","title":"같은 Room의 플레이어들에게 브로드캐스팅 성공"}],"endTime":1730881821139,"message":"","name":"D:\\nest_project\\QuizGround\\web10-QuizGround\\BE\\test\\game.e2e-spec.ts","startTime":1730881811553,"status":"passed","summary":""},{"assertionResults":[{"ancestorTitles":["AppController (e2e)"],"duration":158,"failureDetails":[],"failureMessages":[],"fullName":"AppController (e2e) / (GET)","invocations":1,"location":null,"numPassingAsserts":0,"retryReasons":[],"status":"passed","title":"/ (GET)"}],"endTime":1730881821996,"message":"","name":"D:\\nest_project\\QuizGround\\web10-QuizGround\\BE\\test\\app.e2e-spec.ts","startTime":1730881821176,"status":"passed","summary":""}],"wasInterrupted":false}
