{"numFailedTestSuites":1,"numFailedTests":0,"numPassedTestSuites":1,"numPassedTests":9,"numPendingTestSuites":0,"numPendingTests":0,"numRuntimeErrorTestSuites":1,"numTodoTests":0,"numTotalTestSuites":2,"numTotalTests":9,"openHandles":[{}],"snapshot":{"added":0,"didUpdate":false,"failure":false,"filesAdded":0,"filesRemoved":0,"filesRemovedList":[],"filesUnmatched":0,"filesUpdated":0,"matched":0,"total":0,"unchecked":0,"uncheckedKeysByFile":[],"unmatched":0,"updated":0},"startTime":1731573922184,"success":false,"testResults":[{"assertionResults":[{"ancestorTitles":["GameGateway (e2e)","createRoom 이벤트 테스트"],"duration":69,"failureDetails":[],"failureMessages":[],"fullName":"GameGateway (e2e) createRoom 이벤트 테스트 유효한 설정으로 게임방 생성 성공","invocations":1,"location":null,"numPassingAsserts":6,"retryReasons":[],"status":"passed","title":"유효한 설정으로 게임방 생성 성공"},{"ancestorTitles":["GameGateway (e2e)","createRoom 이벤트 테스트"],"duration":37,"failureDetails":[],"failureMessages":[],"fullName":"GameGateway (e2e) createRoom 이벤트 테스트 빈 title인 경우 에러 발생","invocations":1,"location":null,"numPassingAsserts":2,"retryReasons":[],"status":"passed","title":"빈 title인 경우 에러 발생"},{"ancestorTitles":["GameGateway (e2e)","createRoom 이벤트 테스트"],"duration":24,"failureDetails":[],"failureMessages":[],"fullName":"GameGateway (e2e) createRoom 이벤트 테스트 빈 gameMode인 경우 에러 발생","invocations":1,"location":null,"numPassingAsserts":2,"retryReasons":[],"status":"passed","title":"빈 gameMode인 경우 에러 발생"},{"ancestorTitles":["GameGateway (e2e)","createRoom 이벤트 테스트"],"duration":24,"failureDetails":[],"failureMessages":[],"fullName":"GameGateway (e2e) createRoom 이벤트 테스트 잘못된 gameMode인 경우 에러 발생","invocations":1,"location":null,"numPassingAsserts":2,"retryReasons":[],"status":"passed","title":"잘못된 gameMode인 경우 에러 발생"},{"ancestorTitles":["GameGateway (e2e)","createRoom 이벤트 테스트"],"duration":26,"failureDetails":[],"failureMessages":[],"fullName":"GameGateway (e2e) createRoom 이벤트 테스트 최소 인원 미달인 경우 에러 발생","invocations":1,"location":null,"numPassingAsserts":2,"retryReasons":[],"status":"passed","title":"최소 인원 미달인 경우 에러 발생"},{"ancestorTitles":["GameGateway (e2e)","joinRoom 이벤트 테스트"],"duration":30,"failureDetails":[],"failureMessages":[],"fullName":"GameGateway (e2e) joinRoom 이벤트 테스트 존재하는 방 참여 성공","invocations":1,"location":null,"numPassingAsserts":3,"retryReasons":[],"status":"passed","title":"존재하는 방 참여 성공"},{"ancestorTitles":["GameGateway (e2e)","joinRoom 이벤트 테스트"],"duration":24,"failureDetails":[],"failureMessages":[],"fullName":"GameGateway (e2e) joinRoom 이벤트 테스트 존재하지 않는 방 참여 실패","invocations":1,"location":null,"numPassingAsserts":2,"retryReasons":[],"status":"passed","title":"존재하지 않는 방 참여 실패"},{"ancestorTitles":["GameGateway (e2e)","chatMessage 이벤트 테스트"],"duration":33,"failureDetails":[],"failureMessages":[],"fullName":"GameGateway (e2e) chatMessage 이벤트 테스트 같은 방의 모든 플레이어에게 메시지 전송","invocations":1,"location":null,"numPassingAsserts":4,"retryReasons":[],"status":"passed","title":"같은 방의 모든 플레이어에게 메시지 전송"},{"ancestorTitles":["GameGateway (e2e)","updatePosition 이벤트 테스트"],"duration":34,"failureDetails":[],"failureMessages":[],"fullName":"GameGateway (e2e) updatePosition 이벤트 테스트 위치 업데이트 성공","invocations":1,"location":null,"numPassingAsserts":3,"retryReasons":[],"status":"passed","title":"위치 업데이트 성공"}],"endTime":1731573925053,"message":"","name":"/Users/song-build/IdeaProjects/web10-QuizGround/BE/test/game.e2e-spec.ts","startTime":1731573922231,"status":"passed","summary":""},{"assertionResults":[],"coverage":{},"endTime":1731573925231,"message":"  \u001b[1m● \u001b[22mTest suite failed to run\n\n    Your test suite must contain at least one test.\n\n      \u001b[2mat onResult (\u001b[22m../node_modules/@jest/core/build/TestScheduler.js\u001b[2m:133:18)\u001b[22m\n      \u001b[2mat \u001b[22m../node_modules/@jest/core/build/TestScheduler.js\u001b[2m:254:19\u001b[22m\n      \u001b[2mat \u001b[22m../node_modules/emittery/index.js\u001b[2m:363:13\u001b[22m\n          at Array.map (<anonymous>)\n      \u001b[2mat Emittery.emit (\u001b[22m../node_modules/emittery/index.js\u001b[2m:361:23)\u001b[22m\n","name":"/Users/song-build/IdeaProjects/web10-QuizGround/BE/test/app.e2e-spec.ts","startTime":1731573925231,"status":"failed","summary":""}],"wasInterrupted":false}
